<?xml version="1.0" encoding="UTF-8"?>
<testsuite name="com.kamal.calculator.CalculatorApplicationTests" tests="1" skipped="0" failures="0" errors="0" timestamp="2023-12-14T20:35:40" hostname="kamal" time="0.45">
  <properties/>
  <testcase name="contextLoads()" classname="com.kamal.calculator.CalculatorApplicationTests" time="0.45"/>
  <system-out><![CDATA[15:35:39.785 [Test worker] INFO org.springframework.test.context.support.AnnotationConfigContextLoaderUtils -- Could not detect default configuration classes for test class [com.kamal.calculator.CalculatorApplicationTests]: CalculatorApplicationTests does not declare any static, non-private, non-final, nested classes annotated with @Configuration.
15:35:39.838 [Test worker] INFO org.springframework.boot.test.context.SpringBootTestContextBootstrapper -- Found @SpringBootConfiguration com.kamal.calculator.CalculatorApplication for test class com.kamal.calculator.CalculatorApplicationTests

  .   ____          _            __ _ _
 /\\ / ___'_ __ _ _(_)_ __  __ _ \ \ \ \
( ( )\___ | '_ | '_| | '_ \/ _` | \ \ \ \
 \\/  ___)| |_)| | | | | || (_| |  ) ) ) )
  '  |____| .__|_| |_|_| |_\__, | / / / /
 =========|_|==============|___/=/_/_/_/
 :: Spring Boot ::                (v3.2.0)

2023-12-14T15:35:40.046-05:00  INFO 33471 --- [    Test worker] c.k.c.CalculatorApplicationTests         : Starting CalculatorApplicationTests using Java 17.0.9 with PID 33471 (started by kamal in /home/kamal/calculator)
2023-12-14T15:35:40.047-05:00  INFO 33471 --- [    Test worker] c.k.c.CalculatorApplicationTests         : No active profile set, falling back to 1 default profile: "default"
2023-12-14T15:35:40.694-05:00  INFO 33471 --- [    Test worker] c.k.c.CalculatorApplicationTests         : Started CalculatorApplicationTests in 0.775 seconds (process running for 1.34)
]]></system-out>
  <system-err><![CDATA[]]></system-err>
</testsuite>
