<?xml version="1.0" encoding="UTF-8"?>
<testsuite name="com.kamal.calculator.CalculatorApplicationTests" tests="1" skipped="0" failures="0" errors="0" timestamp="2023-12-14T20:50:01" hostname="kamal" time="0.602">
  <properties/>
  <testcase name="contextLoads()" classname="com.kamal.calculator.CalculatorApplicationTests" time="0.602"/>
  <system-out><![CDATA[15:49:59.789 [Test worker] INFO org.springframework.test.context.support.AnnotationConfigContextLoaderUtils -- Could not detect default configuration classes for test class [com.kamal.calculator.CalculatorApplicationTests]: CalculatorApplicationTests does not declare any static, non-private, non-final, nested classes annotated with @Configuration.
15:49:59.930 [Test worker] INFO org.springframework.boot.test.context.SpringBootTestContextBootstrapper -- Found @SpringBootConfiguration com.kamal.calculator.CalculatorApplication for test class com.kamal.calculator.CalculatorApplicationTests

  .   ____          _            __ _ _
 /\\ / ___'_ __ _ _(_)_ __  __ _ \ \ \ \
( ( )\___ | '_ | '_| | '_ \/ _` | \ \ \ \
 \\/  ___)| |_)| | | | | || (_| |  ) ) ) )
  '  |____| .__|_| |_|_| |_\__, | / / / /
 =========|_|==============|___/=/_/_/_/
 :: Spring Boot ::                (v3.2.0)

2023-12-14T15:50:00.312-05:00  INFO 36021 --- [    Test worker] c.k.c.CalculatorApplicationTests         : Starting CalculatorApplicationTests using Java 17.0.9 with PID 36021 (started by kamal in /home/kamal/calculator)
2023-12-14T15:50:00.314-05:00  INFO 36021 --- [    Test worker] c.k.c.CalculatorApplicationTests         : No active profile set, falling back to 1 default profile: "default"
2023-12-14T15:50:01.261-05:00  INFO 36021 --- [    Test worker] c.k.c.CalculatorApplicationTests         : Started CalculatorApplicationTests in 1.166 seconds (process running for 2.348)
]]></system-out>
  <system-err><![CDATA[]]></system-err>
</testsuite>
